<?xml version="1.0" encoding="UTF-8"?>
<testng-results ignored="0" total="1" passed="1" failed="0" skipped="0">
  <reporter-output>
  </reporter-output>
  <suite started-at="2023-05-05T21:48:45 EET" name="Default suite" finished-at="2023-05-05T21:49:22 EET" duration-ms="36458">
    <groups>
    </groups>
    <test started-at="2023-05-05T21:48:45 EET" name="Default test" finished-at="2023-05-05T21:49:22 EET" duration-ms="36458">
      <class name="myTestCases">
        <test-method is-config="true" signature="myBeforeTest()[pri:0, instance:myTestCases@2dc54ad4]" started-at="2023-05-05T21:48:45 EET" name="myBeforeTest" finished-at="2023-05-05T21:48:46 EET" duration-ms="49" status="PASS">
          <reporter-output>
          </reporter-output>
        </test-method> <!-- myBeforeTest -->
        <test-method signature="Open_the_application()[pri:0, instance:myTestCases@2dc54ad4]" started-at="2023-05-05T21:48:46 EET" name="Open_the_application" finished-at="2023-05-05T21:49:22 EET" duration-ms="36258" status="PASS">
          <reporter-output>
          </reporter-output>
        </test-method> <!-- Open_the_application -->
        <test-method is-config="true" signature="after()[pri:0, instance:myTestCases@2dc54ad4]" started-at="2023-05-05T21:49:22 EET" name="after" finished-at="2023-05-05T21:49:22 EET" duration-ms="7" status="PASS">
          <reporter-output>
          </reporter-output>
        </test-method> <!-- after -->
      </class> <!-- myTestCases -->
    </test> <!-- Default test -->
  </suite> <!-- Default suite -->
</testng-results>
